<?xml version="1.0" encoding="UTF-8"?>
<testsuite name="com.zomato.plugin.controller.OrderControllerTest" tests="3" skipped="0" failures="0" errors="0" timestamp="2026-02-26T13:26:41.639Z" hostname="runsc" time="0.136">
  <properties/>
  <testcase name="shouldReturnOrdersView()" classname="com.zomato.plugin.controller.OrderControllerTest" time="0.074"/>
  <testcase name="shouldDisplayEmptyListWhenNoOrders()" classname="com.zomato.plugin.controller.OrderControllerTest" time="0.018"/>
  <testcase name="shouldContainOrdersListOrderCountAndConnectedStatus()" classname="com.zomato.plugin.controller.OrderControllerTest" time="0.038"/>
  <system-out><![CDATA[2026-02-26T13:26:41.190Z  INFO 22367 --- [    Test worker] t.c.s.AnnotationConfigContextLoaderUtils : Could not detect default configuration classes for test class [com.zomato.plugin.controller.OrderControllerTest]: OrderControllerTest does not declare any static, non-private, non-final, nested classes annotated with @Configuration.
2026-02-26T13:26:41.209Z  INFO 22367 --- [    Test worker] .b.t.c.SpringBootTestContextBootstrapper : Found @SpringBootConfiguration com.zomato.plugin.ZomatoPluginApplication for test class com.zomato.plugin.controller.OrderControllerTest

  .   ____          _            __ _ _
 /\\ / ___'_ __ _ _(_)_ __  __ _ \ \ \ \
( ( )\___ | '_ | '_| | '_ \/ _` | \ \ \ \
 \\/  ___)| |_)| | | | | || (_| |  ) ) ) )
  '  |____| .__|_| |_|_| |_\__, | / / / /
 =========|_|==============|___/=/_/_/_/
 :: Spring Boot ::                (v3.2.5)

2026-02-26T13:26:41.268Z  INFO 22367 --- [    Test worker] c.z.p.controller.OrderControllerTest     : Starting OrderControllerTest using Java 21.0.10 with PID 22367 (started by root in /home/user/zomato-plugin)
2026-02-26T13:26:41.269Z  INFO 22367 --- [    Test worker] c.z.p.controller.OrderControllerTest     : No active profile set, falling back to 1 default profile: "default"
2026-02-26T13:26:41.630Z  INFO 22367 --- [    Test worker] o.s.b.t.m.w.SpringBootMockServletContext : Initializing Spring TestDispatcherServlet ''
2026-02-26T13:26:41.630Z  INFO 22367 --- [    Test worker] o.s.t.web.servlet.TestDispatcherServlet  : Initializing Servlet ''
2026-02-26T13:26:41.631Z  INFO 22367 --- [    Test worker] o.s.t.web.servlet.TestDispatcherServlet  : Completed initialization in 1 ms
2026-02-26T13:26:41.636Z  INFO 22367 --- [    Test worker] c.z.p.controller.OrderControllerTest     : Started OrderControllerTest in 0.423 seconds (process running for 24.273)
]]></system-out>
  <system-err><![CDATA[]]></system-err>
</testsuite>
