<?xml version="1.0" encoding="UTF-8"?>
<testsuite name="com.zomato.plugin.repository.ConnectionConfigRepositoryTest" tests="5" skipped="0" failures="0" errors="0" timestamp="2026-02-26T13:26:42.581Z" hostname="runsc" time="0.661">
  <properties/>
  <testcase name="shouldFindFirstByConnectedTrue()" classname="com.zomato.plugin.repository.ConnectionConfigRepositoryTest" time="0.569"/>
  <testcase name="shouldReturnEmptyWhenUsernameNotFound()" classname="com.zomato.plugin.repository.ConnectionConfigRepositoryTest" time="0.034"/>
  <testcase name="shouldReturnEmptyWhenNoneConnected()" classname="com.zomato.plugin.repository.ConnectionConfigRepositoryTest" time="0.013"/>
  <testcase name="shouldFindByUsername()" classname="com.zomato.plugin.repository.ConnectionConfigRepositoryTest" time="0.011"/>
  <testcase name="shouldSaveAndFindById()" classname="com.zomato.plugin.repository.ConnectionConfigRepositoryTest" time="0.03"/>
  <system-out><![CDATA[2026-02-26T13:26:41.799Z  INFO 22367 --- [    Test worker] t.c.s.AnnotationConfigContextLoaderUtils : Could not detect default configuration classes for test class [com.zomato.plugin.repository.ConnectionConfigRepositoryTest]: ConnectionConfigRepositoryTest does not declare any static, non-private, non-final, nested classes annotated with @Configuration.
2026-02-26T13:26:41.857Z  INFO 22367 --- [    Test worker] .b.t.c.SpringBootTestContextBootstrapper : Found @SpringBootConfiguration com.zomato.plugin.ZomatoPluginApplication for test class com.zomato.plugin.repository.ConnectionConfigRepositoryTest

  .   ____          _            __ _ _
 /\\ / ___'_ __ _ _(_)_ __  __ _ \ \ \ \
( ( )\___ | '_ | '_| | '_ \/ _` | \ \ \ \
 \\/  ___)| |_)| | | | | || (_| |  ) ) ) )
  '  |____| .__|_| |_|_| |_\__, | / / / /
 =========|_|==============|___/=/_/_/_/
 :: Spring Boot ::                (v3.2.5)

2026-02-26T13:26:41.912Z  INFO 22367 --- [    Test worker] c.z.p.r.ConnectionConfigRepositoryTest   : Starting ConnectionConfigRepositoryTest using Java 21.0.10 with PID 22367 (started by root in /home/user/zomato-plugin)
2026-02-26T13:26:41.912Z  INFO 22367 --- [    Test worker] c.z.p.r.ConnectionConfigRepositoryTest   : No active profile set, falling back to 1 default profile: "default"
2026-02-26T13:26:42.095Z  INFO 22367 --- [    Test worker] .s.d.r.c.RepositoryConfigurationDelegate : Bootstrapping Spring Data JPA repositories in DEFAULT mode.
2026-02-26T13:26:42.138Z  INFO 22367 --- [    Test worker] .s.d.r.c.RepositoryConfigurationDelegate : Finished Spring Data repository scanning in 42 ms. Found 2 JPA repository interfaces.
2026-02-26T13:26:42.154Z  INFO 22367 --- [    Test worker] beddedDataSourceBeanFactoryPostProcessor : Replacing 'dataSource' DataSource bean with embedded version
2026-02-26T13:26:42.213Z  INFO 22367 --- [    Test worker] o.s.j.d.e.EmbeddedDatabaseFactory        : Starting embedded database: url='jdbc:h2:mem:4cdcf873-ddf5-4414-8609-08af6b66179d;DB_CLOSE_DELAY=-1;DB_CLOSE_ON_EXIT=false', username='sa'
2026-02-26T13:26:42.275Z  INFO 22367 --- [    Test worker] o.hibernate.jpa.internal.util.LogHelper  : HHH000204: Processing PersistenceUnitInfo [name: default]
2026-02-26T13:26:42.300Z  INFO 22367 --- [    Test worker] o.h.c.internal.RegionFactoryInitiator    : HHH000026: Second-level cache disabled
2026-02-26T13:26:42.335Z  INFO 22367 --- [    Test worker] o.s.o.j.p.SpringPersistenceUnitInfo      : No LoadTimeWeaver setup: ignoring JPA class transformer
2026-02-26T13:26:42.344Z  WARN 22367 --- [    Test worker] org.hibernate.orm.deprecation            : HHH90000025: H2Dialect does not need to be specified explicitly using 'hibernate.dialect' (remove the property setting and it will be selected by default)
2026-02-26T13:26:42.493Z  INFO 22367 --- [    Test worker] o.h.e.t.j.p.i.JtaPlatformInitiator       : HHH000489: No JTA platform available (set 'hibernate.transaction.jta.platform' to enable JTA platform integration)
Hibernate: drop table if exists connection_config cascade 
Hibernate: drop table if exists orders cascade 
Hibernate: create table connection_config (connected boolean not null, connected_at timestamp(6), id bigint generated by default as identity, session_path varchar(255), username varchar(255), primary key (id))
Hibernate: create table orders (total_amount numeric(38,2), id bigint generated by default as identity, order_time timestamp(6), customer_name varchar(255), order_id varchar(255) unique, status varchar(255), raw_json clob, primary key (id))
2026-02-26T13:26:42.505Z  INFO 22367 --- [    Test worker] j.LocalContainerEntityManagerFactoryBean : Initialized JPA EntityManagerFactory for persistence unit 'default'
2026-02-26T13:26:42.579Z  INFO 22367 --- [    Test worker] c.z.p.r.ConnectionConfigRepositoryTest   : Started ConnectionConfigRepositoryTest in 0.717 seconds (process running for 25.216)
Hibernate: insert into connection_config (connected,connected_at,session_path,username,id) values (?,?,?,?,default)
Hibernate: insert into connection_config (connected,connected_at,session_path,username,id) values (?,?,?,?,default)
Hibernate: select cc1_0.id,cc1_0.connected,cc1_0.connected_at,cc1_0.session_path,cc1_0.username from connection_config cc1_0 where cc1_0.connected fetch first ? rows only
Hibernate: select cc1_0.id,cc1_0.connected,cc1_0.connected_at,cc1_0.session_path,cc1_0.username from connection_config cc1_0 where cc1_0.username=?
Hibernate: insert into connection_config (connected,connected_at,session_path,username,id) values (?,?,?,?,default)
Hibernate: insert into connection_config (connected,connected_at,session_path,username,id) values (?,?,?,?,default)
Hibernate: select cc1_0.id,cc1_0.connected,cc1_0.connected_at,cc1_0.session_path,cc1_0.username from connection_config cc1_0 where cc1_0.connected fetch first ? rows only
Hibernate: insert into connection_config (connected,connected_at,session_path,username,id) values (?,?,?,?,default)
Hibernate: select cc1_0.id,cc1_0.connected,cc1_0.connected_at,cc1_0.session_path,cc1_0.username from connection_config cc1_0 where cc1_0.username=?
Hibernate: insert into connection_config (connected,connected_at,session_path,username,id) values (?,?,?,?,default)
]]></system-out>
  <system-err><![CDATA[]]></system-err>
</testsuite>
