<?xml version="1.0" encoding="UTF-8"?>
<testsuite name="com.zomato.plugin.service.OrderServiceTest" tests="5" skipped="0" failures="0" errors="0" timestamp="2026-02-26T13:26:43.830Z" hostname="runsc" time="0.119">
  <properties/>
  <testcase name="saveOrderShouldReturnExistingOrderWhenOrderIdAlreadyExists()" classname="com.zomato.plugin.service.OrderServiceTest" time="0.105"/>
  <testcase name="getOrderCountShouldDelegateToRepository()" classname="com.zomato.plugin.service.OrderServiceTest" time="0.001"/>
  <testcase name="saveOrderShouldSaveNewOrderWhenOrderIdDoesNotExist()" classname="com.zomato.plugin.service.OrderServiceTest" time="0.004"/>
  <testcase name="getAllOrdersShouldDelegateToRepository()" classname="com.zomato.plugin.service.OrderServiceTest" time="0.002"/>
  <testcase name="getOrderByOrderIdShouldDelegateToRepository()" classname="com.zomato.plugin.service.OrderServiceTest" time="0.004"/>
  <system-out><![CDATA[]]></system-out>
  <system-err><![CDATA[]]></system-err>
</testsuite>
