<?xml version="1.0" encoding="UTF-8"?>
<testsuite name="com.zomato.plugin.controller.OrderApiControllerTest" tests="4" skipped="0" failures="0" errors="0" timestamp="2026-02-26T13:26:40.767Z" hostname="runsc" time="0.417">
  <properties/>
  <testcase name="shouldReturnOrdersList()" classname="com.zomato.plugin.controller.OrderApiControllerTest" time="0.374"/>
  <testcase name="shouldReturnEmptyListWhenNoOrders()" classname="com.zomato.plugin.controller.OrderApiControllerTest" time="0.007"/>
  <testcase name="shouldReturnStatusWithConnectedAndOrderCount()" classname="com.zomato.plugin.controller.OrderApiControllerTest" time="0.024"/>
  <testcase name="shouldReturnStatusWithConnectedFalseAndOrderCountZeroInitially()" classname="com.zomato.plugin.controller.OrderApiControllerTest" time="0.006"/>
  <system-out><![CDATA[2026-02-26T13:26:40.083Z  INFO 22367 --- [    Test worker] t.c.s.AnnotationConfigContextLoaderUtils : Could not detect default configuration classes for test class [com.zomato.plugin.controller.OrderApiControllerTest]: OrderApiControllerTest does not declare any static, non-private, non-final, nested classes annotated with @Configuration.
2026-02-26T13:26:40.117Z  INFO 22367 --- [    Test worker] .b.t.c.SpringBootTestContextBootstrapper : Found @SpringBootConfiguration com.zomato.plugin.ZomatoPluginApplication for test class com.zomato.plugin.controller.OrderApiControllerTest

  .   ____          _            __ _ _
 /\\ / ___'_ __ _ _(_)_ __  __ _ \ \ \ \
( ( )\___ | '_ | '_| | '_ \/ _` | \ \ \ \
 \\/  ___)| |_)| | | | | || (_| |  ) ) ) )
  '  |____| .__|_| |_|_| |_\__, | / / / /
 =========|_|==============|___/=/_/_/_/
 :: Spring Boot ::                (v3.2.5)

2026-02-26T13:26:40.219Z  INFO 22367 --- [    Test worker] c.z.p.controller.OrderApiControllerTest  : Starting OrderApiControllerTest using Java 21.0.10 with PID 22367 (started by root in /home/user/zomato-plugin)
2026-02-26T13:26:40.220Z  INFO 22367 --- [    Test worker] c.z.p.controller.OrderApiControllerTest  : No active profile set, falling back to 1 default profile: "default"
2026-02-26T13:26:40.755Z  INFO 22367 --- [    Test worker] o.s.b.t.m.w.SpringBootMockServletContext : Initializing Spring TestDispatcherServlet ''
2026-02-26T13:26:40.755Z  INFO 22367 --- [    Test worker] o.s.t.web.servlet.TestDispatcherServlet  : Initializing Servlet ''
2026-02-26T13:26:40.756Z  INFO 22367 --- [    Test worker] o.s.t.web.servlet.TestDispatcherServlet  : Completed initialization in 1 ms
2026-02-26T13:26:40.763Z  INFO 22367 --- [    Test worker] c.z.p.controller.OrderApiControllerTest  : Started OrderApiControllerTest in 0.64 seconds (process running for 23.4)
]]></system-out>
  <system-err><![CDATA[]]></system-err>
</testsuite>
