<?xml version="1.0" encoding="UTF-8"?>
<testsuite name="com.zomato.plugin.ZomatoPluginApplicationTest" tests="1" skipped="0" failures="0" errors="0" timestamp="2026-02-26T13:26:35.302Z" hostname="runsc" time="1.193">
  <properties/>
  <testcase name="contextLoads()" classname="com.zomato.plugin.ZomatoPluginApplicationTest" time="1.193"/>
  <system-out><![CDATA[13:26:21.219 [Test worker] INFO org.springframework.test.context.support.AnnotationConfigContextLoaderUtils -- Could not detect default configuration classes for test class [com.zomato.plugin.ZomatoPluginApplicationTest]: ZomatoPluginApplicationTest does not declare any static, non-private, non-final, nested classes annotated with @Configuration.
13:26:21.593 [Test worker] INFO org.springframework.boot.test.context.SpringBootTestContextBootstrapper -- Found @SpringBootConfiguration com.zomato.plugin.ZomatoPluginApplication for test class com.zomato.plugin.ZomatoPluginApplicationTest

  .   ____          _            __ _ _
 /\\ / ___'_ __ _ _(_)_ __  __ _ \ \ \ \
( ( )\___ | '_ | '_| | '_ \/ _` | \ \ \ \
 \\/  ___)| |_)| | | | | || (_| |  ) ) ) )
  '  |____| .__|_| |_|_| |_\__, | / / / /
 =========|_|==============|___/=/_/_/_/
 :: Spring Boot ::                (v3.2.5)

2026-02-26T13:26:23.318Z  INFO 22367 --- [    Test worker] c.z.plugin.ZomatoPluginApplicationTest   : Starting ZomatoPluginApplicationTest using Java 21.0.10 with PID 22367 (started by root in /home/user/zomato-plugin)
2026-02-26T13:26:23.327Z  INFO 22367 --- [    Test worker] c.z.plugin.ZomatoPluginApplicationTest   : No active profile set, falling back to 1 default profile: "default"
2026-02-26T13:26:25.462Z  INFO 22367 --- [    Test worker] .s.d.r.c.RepositoryConfigurationDelegate : Bootstrapping Spring Data JPA repositories in DEFAULT mode.
2026-02-26T13:26:25.664Z  INFO 22367 --- [    Test worker] .s.d.r.c.RepositoryConfigurationDelegate : Finished Spring Data repository scanning in 175 ms. Found 2 JPA repository interfaces.
2026-02-26T13:26:27.008Z  INFO 22367 --- [    Test worker] o.hibernate.jpa.internal.util.LogHelper  : HHH000204: Processing PersistenceUnitInfo [name: default]
2026-02-26T13:26:27.301Z  INFO 22367 --- [    Test worker] org.hibernate.Version                    : HHH000412: Hibernate ORM core version 6.4.4.Final
2026-02-26T13:26:27.454Z  INFO 22367 --- [    Test worker] o.h.c.internal.RegionFactoryInitiator    : HHH000026: Second-level cache disabled
2026-02-26T13:26:28.465Z  INFO 22367 --- [    Test worker] o.s.o.j.p.SpringPersistenceUnitInfo      : No LoadTimeWeaver setup: ignoring JPA class transformer
2026-02-26T13:26:28.582Z  INFO 22367 --- [    Test worker] com.zaxxer.hikari.HikariDataSource       : HikariPool-1 - Starting...
2026-02-26T13:26:29.361Z  INFO 22367 --- [    Test worker] com.zaxxer.hikari.pool.HikariPool        : HikariPool-1 - Added connection conn0: url=jdbc:h2:mem:testdb user=SA
2026-02-26T13:26:29.367Z  INFO 22367 --- [    Test worker] com.zaxxer.hikari.HikariDataSource       : HikariPool-1 - Start completed.
2026-02-26T13:26:29.460Z  WARN 22367 --- [    Test worker] org.hibernate.orm.deprecation            : HHH90000025: H2Dialect does not need to be specified explicitly using 'hibernate.dialect' (remove the property setting and it will be selected by default)
2026-02-26T13:26:32.783Z  INFO 22367 --- [    Test worker] o.h.e.t.j.p.i.JtaPlatformInitiator       : HHH000489: No JTA platform available (set 'hibernate.transaction.jta.platform' to enable JTA platform integration)
2026-02-26T13:26:32.923Z  INFO 22367 --- [    Test worker] j.LocalContainerEntityManagerFactoryBean : Initialized JPA EntityManagerFactory for persistence unit 'default'
2026-02-26T13:26:34.064Z  WARN 22367 --- [    Test worker] JpaBaseConfiguration$JpaWebConfiguration : spring.jpa.open-in-view is enabled by default. Therefore, database queries may be performed during view rendering. Explicitly configure spring.jpa.open-in-view to disable this warning
2026-02-26T13:26:35.258Z  INFO 22367 --- [    Test worker] c.z.plugin.ZomatoPluginApplicationTest   : Started ZomatoPluginApplicationTest in 13.004 seconds (process running for 17.895)
]]></system-out>
  <system-err><![CDATA[WARNING: A Java agent has been loaded dynamically (/root/.gradle/caches/modules-2/files-2.1/net.bytebuddy/byte-buddy-agent/1.14.13/979ce25f7d3096a2e82214ba7dc972a05ce7a171/byte-buddy-agent-1.14.13.jar)
WARNING: If a serviceability tool is in use, please run with -XX:+EnableDynamicAgentLoading to hide this warning
WARNING: If a serviceability tool is not in use, please run with -Djdk.instrument.traceUsage for more information
WARNING: Dynamic loading of agents will be disallowed by default in a future release
]]></system-err>
</testsuite>
